<?xml version="1.0" encoding="UTF-8"?>
<!-- Generated by org.testng.reporters.JUnitXMLReporter -->
<testsuite ignored="0" hostname="LAPTOP-GMFDT67H" failures="1" tests="6" name="ChromeTest" time="52.037" errors="0" timestamp="2025-07-23T20:23:35 IST">
  <testcase classname="testCases.TC001_login_valid_creden" name="login" time="1.264"/>
  <testcase classname="testCases.TC002_login_invalid" name="login" time="0.948"/>
  <testcase classname="testCases.TC003_verify_sorting" name="reg_validation" time="6.694"/>
  <testcase classname="testCases.TC004_verify_cart_functionality" name="checkout" time="5.226"/>
  <testcase classname="testCases.TC005_verify_complete_order" name="checkout" time="5.293"/>
  <testcase classname="testCases.TC006_verify_empty_cart_checkout" name="checkout" time="3.562">
    <failure type="java.lang.AssertionError" message="expected [false] but found [true]">
      <![CDATA[java.lang.AssertionError: expected [false] but found [true]
at testCases.TC006_verify_empty_cart_checkout.checkout(TC006_verify_empty_cart_checkout.java:32)
at java.base/java.util.ArrayList.forEach(ArrayList.java:1597)
... Removed 31 stack frames]]>
    </failure>
  </testcase> <!-- checkout -->
</testsuite> <!-- ChromeTest -->
